ARM GAS  C:\Users\81806\AppData\Local\Temp\ccphiHuO.s 			page 1


   1              		.cpu cortex-m4
   2              		.eabi_attribute 27, 1
   3              		.eabi_attribute 28, 1
   4              		.eabi_attribute 20, 1
   5              		.eabi_attribute 21, 1
   6              		.eabi_attribute 23, 3
   7              		.eabi_attribute 24, 1
   8              		.eabi_attribute 25, 1
   9              		.eabi_attribute 26, 1
  10              		.eabi_attribute 30, 1
  11              		.eabi_attribute 34, 1
  12              		.eabi_attribute 18, 4
  13              		.file	"stm32l4xx_hal_msp.c"
  14              		.text
  15              	.Ltext0:
  16              		.cfi_sections	.debug_frame
  17              		.section	.text.HAL_MspInit,"ax",%progbits
  18              		.align	1
  19              		.global	HAL_MspInit
  20              		.syntax unified
  21              		.thumb
  22              		.thumb_func
  23              		.fpu fpv4-sp-d16
  25              	HAL_MspInit:
  26              	.LFB123:
  27              		.file 1 "Src/stm32l4xx_hal_msp.c"
   1:Src/stm32l4xx_hal_msp.c **** /**
   2:Src/stm32l4xx_hal_msp.c ****   ******************************************************************************
   3:Src/stm32l4xx_hal_msp.c ****   * File Name          : stm32l4xx_hal_msp.c
   4:Src/stm32l4xx_hal_msp.c ****   * Description        : This file provides code for the MSP Initialization 
   5:Src/stm32l4xx_hal_msp.c ****   *                      and de-Initialization codes.
   6:Src/stm32l4xx_hal_msp.c ****   ******************************************************************************
   7:Src/stm32l4xx_hal_msp.c ****   ** This notice applies to any and all portions of this file
   8:Src/stm32l4xx_hal_msp.c ****   * that are not between comment pairs USER CODE BEGIN and
   9:Src/stm32l4xx_hal_msp.c ****   * USER CODE END. Other portions of this file, whether 
  10:Src/stm32l4xx_hal_msp.c ****   * inserted by the user or by software development tools
  11:Src/stm32l4xx_hal_msp.c ****   * are owned by their respective copyright owners.
  12:Src/stm32l4xx_hal_msp.c ****   *
  13:Src/stm32l4xx_hal_msp.c ****   * COPYRIGHT(c) 2018 STMicroelectronics
  14:Src/stm32l4xx_hal_msp.c ****   *
  15:Src/stm32l4xx_hal_msp.c ****   * Redistribution and use in source and binary forms, with or without modification,
  16:Src/stm32l4xx_hal_msp.c ****   * are permitted provided that the following conditions are met:
  17:Src/stm32l4xx_hal_msp.c ****   *   1. Redistributions of source code must retain the above copyright notice,
  18:Src/stm32l4xx_hal_msp.c ****   *      this list of conditions and the following disclaimer.
  19:Src/stm32l4xx_hal_msp.c ****   *   2. Redistributions in binary form must reproduce the above copyright notice,
  20:Src/stm32l4xx_hal_msp.c ****   *      this list of conditions and the following disclaimer in the documentation
  21:Src/stm32l4xx_hal_msp.c ****   *      and/or other materials provided with the distribution.
  22:Src/stm32l4xx_hal_msp.c ****   *   3. Neither the name of STMicroelectronics nor the names of its contributors
  23:Src/stm32l4xx_hal_msp.c ****   *      may be used to endorse or promote products derived from this software
  24:Src/stm32l4xx_hal_msp.c ****   *      without specific prior written permission.
  25:Src/stm32l4xx_hal_msp.c ****   *
  26:Src/stm32l4xx_hal_msp.c ****   * THIS SOFTWARE IS PROVIDED BY THE COPYRIGHT HOLDERS AND CONTRIBUTORS "AS IS"
  27:Src/stm32l4xx_hal_msp.c ****   * AND ANY EXPRESS OR IMPLIED WARRANTIES, INCLUDING, BUT NOT LIMITED TO, THE
  28:Src/stm32l4xx_hal_msp.c ****   * IMPLIED WARRANTIES OF MERCHANTABILITY AND FITNESS FOR A PARTICULAR PURPOSE ARE
  29:Src/stm32l4xx_hal_msp.c ****   * DISCLAIMED. IN NO EVENT SHALL THE COPYRIGHT HOLDER OR CONTRIBUTORS BE LIABLE
  30:Src/stm32l4xx_hal_msp.c ****   * FOR ANY DIRECT, INDIRECT, INCIDENTAL, SPECIAL, EXEMPLARY, OR CONSEQUENTIAL
  31:Src/stm32l4xx_hal_msp.c ****   * DAMAGES (INCLUDING, BUT NOT LIMITED TO, PROCUREMENT OF SUBSTITUTE GOODS OR
ARM GAS  C:\Users\81806\AppData\Local\Temp\ccphiHuO.s 			page 2


  32:Src/stm32l4xx_hal_msp.c ****   * SERVICES; LOSS OF USE, DATA, OR PROFITS; OR BUSINESS INTERRUPTION) HOWEVER
  33:Src/stm32l4xx_hal_msp.c ****   * CAUSED AND ON ANY THEORY OF LIABILITY, WHETHER IN CONTRACT, STRICT LIABILITY,
  34:Src/stm32l4xx_hal_msp.c ****   * OR TORT (INCLUDING NEGLIGENCE OR OTHERWISE) ARISING IN ANY WAY OUT OF THE USE
  35:Src/stm32l4xx_hal_msp.c ****   * OF THIS SOFTWARE, EVEN IF ADVISED OF THE POSSIBILITY OF SUCH DAMAGE.
  36:Src/stm32l4xx_hal_msp.c ****   *
  37:Src/stm32l4xx_hal_msp.c ****   ******************************************************************************
  38:Src/stm32l4xx_hal_msp.c ****   */
  39:Src/stm32l4xx_hal_msp.c **** /* Includes ------------------------------------------------------------------*/
  40:Src/stm32l4xx_hal_msp.c **** #include "stm32l4xx_hal.h"
  41:Src/stm32l4xx_hal_msp.c **** extern void _Error_Handler(char *, int);
  42:Src/stm32l4xx_hal_msp.c **** /* USER CODE BEGIN 0 */
  43:Src/stm32l4xx_hal_msp.c **** 
  44:Src/stm32l4xx_hal_msp.c **** /* USER CODE END 0 */
  45:Src/stm32l4xx_hal_msp.c **** /**
  46:Src/stm32l4xx_hal_msp.c ****   * Initializes the Global MSP.
  47:Src/stm32l4xx_hal_msp.c ****   */
  48:Src/stm32l4xx_hal_msp.c **** void HAL_MspInit(void)
  49:Src/stm32l4xx_hal_msp.c **** {
  28              		.loc 1 49 0
  29              		.cfi_startproc
  30              		@ args = 0, pretend = 0, frame = 8
  31              		@ frame_needed = 0, uses_anonymous_args = 0
  32 0000 00B5     		push	{lr}
  33              	.LCFI0:
  34              		.cfi_def_cfa_offset 4
  35              		.cfi_offset 14, -4
  36 0002 83B0     		sub	sp, sp, #12
  37              	.LCFI1:
  38              		.cfi_def_cfa_offset 16
  39              	.LBB2:
  50:Src/stm32l4xx_hal_msp.c ****   /* USER CODE BEGIN MspInit 0 */
  51:Src/stm32l4xx_hal_msp.c **** 
  52:Src/stm32l4xx_hal_msp.c ****   /* USER CODE END MspInit 0 */
  53:Src/stm32l4xx_hal_msp.c **** 
  54:Src/stm32l4xx_hal_msp.c ****   __HAL_RCC_SYSCFG_CLK_ENABLE();
  40              		.loc 1 54 0
  41 0004 214B     		ldr	r3, .L3
  42 0006 1A6E     		ldr	r2, [r3, #96]
  43 0008 42F00102 		orr	r2, r2, #1
  44 000c 1A66     		str	r2, [r3, #96]
  45 000e 1A6E     		ldr	r2, [r3, #96]
  46 0010 02F00102 		and	r2, r2, #1
  47 0014 0092     		str	r2, [sp]
  48 0016 009A     		ldr	r2, [sp]
  49              	.LBE2:
  50              	.LBB3:
  55:Src/stm32l4xx_hal_msp.c ****   __HAL_RCC_PWR_CLK_ENABLE();
  51              		.loc 1 55 0
  52 0018 9A6D     		ldr	r2, [r3, #88]
  53 001a 42F08052 		orr	r2, r2, #268435456
  54 001e 9A65     		str	r2, [r3, #88]
  55 0020 9B6D     		ldr	r3, [r3, #88]
  56 0022 03F08053 		and	r3, r3, #268435456
  57 0026 0193     		str	r3, [sp, #4]
  58 0028 019B     		ldr	r3, [sp, #4]
  59              	.LBE3:
  56:Src/stm32l4xx_hal_msp.c **** 
ARM GAS  C:\Users\81806\AppData\Local\Temp\ccphiHuO.s 			page 3


  57:Src/stm32l4xx_hal_msp.c ****   HAL_NVIC_SetPriorityGrouping(NVIC_PRIORITYGROUP_4);
  60              		.loc 1 57 0
  61 002a 0320     		movs	r0, #3
  62 002c FFF7FEFF 		bl	HAL_NVIC_SetPriorityGrouping
  63              	.LVL0:
  58:Src/stm32l4xx_hal_msp.c **** 
  59:Src/stm32l4xx_hal_msp.c ****   /* System interrupt init*/
  60:Src/stm32l4xx_hal_msp.c ****   /* MemoryManagement_IRQn interrupt configuration */
  61:Src/stm32l4xx_hal_msp.c ****   HAL_NVIC_SetPriority(MemoryManagement_IRQn, 0, 0);
  64              		.loc 1 61 0
  65 0030 0022     		movs	r2, #0
  66 0032 1146     		mov	r1, r2
  67 0034 6FF00B00 		mvn	r0, #11
  68 0038 FFF7FEFF 		bl	HAL_NVIC_SetPriority
  69              	.LVL1:
  62:Src/stm32l4xx_hal_msp.c ****   /* BusFault_IRQn interrupt configuration */
  63:Src/stm32l4xx_hal_msp.c ****   HAL_NVIC_SetPriority(BusFault_IRQn, 0, 0);
  70              		.loc 1 63 0
  71 003c 0022     		movs	r2, #0
  72 003e 1146     		mov	r1, r2
  73 0040 6FF00A00 		mvn	r0, #10
  74 0044 FFF7FEFF 		bl	HAL_NVIC_SetPriority
  75              	.LVL2:
  64:Src/stm32l4xx_hal_msp.c ****   /* UsageFault_IRQn interrupt configuration */
  65:Src/stm32l4xx_hal_msp.c ****   HAL_NVIC_SetPriority(UsageFault_IRQn, 0, 0);
  76              		.loc 1 65 0
  77 0048 0022     		movs	r2, #0
  78 004a 1146     		mov	r1, r2
  79 004c 6FF00900 		mvn	r0, #9
  80 0050 FFF7FEFF 		bl	HAL_NVIC_SetPriority
  81              	.LVL3:
  66:Src/stm32l4xx_hal_msp.c ****   /* SVCall_IRQn interrupt configuration */
  67:Src/stm32l4xx_hal_msp.c ****   HAL_NVIC_SetPriority(SVCall_IRQn, 0, 0);
  82              		.loc 1 67 0
  83 0054 0022     		movs	r2, #0
  84 0056 1146     		mov	r1, r2
  85 0058 6FF00400 		mvn	r0, #4
  86 005c FFF7FEFF 		bl	HAL_NVIC_SetPriority
  87              	.LVL4:
  68:Src/stm32l4xx_hal_msp.c ****   /* DebugMonitor_IRQn interrupt configuration */
  69:Src/stm32l4xx_hal_msp.c ****   HAL_NVIC_SetPriority(DebugMonitor_IRQn, 0, 0);
  88              		.loc 1 69 0
  89 0060 0022     		movs	r2, #0
  90 0062 1146     		mov	r1, r2
  91 0064 6FF00300 		mvn	r0, #3
  92 0068 FFF7FEFF 		bl	HAL_NVIC_SetPriority
  93              	.LVL5:
  70:Src/stm32l4xx_hal_msp.c ****   /* PendSV_IRQn interrupt configuration */
  71:Src/stm32l4xx_hal_msp.c ****   HAL_NVIC_SetPriority(PendSV_IRQn, 0, 0);
  94              		.loc 1 71 0
  95 006c 0022     		movs	r2, #0
  96 006e 1146     		mov	r1, r2
  97 0070 6FF00100 		mvn	r0, #1
  98 0074 FFF7FEFF 		bl	HAL_NVIC_SetPriority
  99              	.LVL6:
  72:Src/stm32l4xx_hal_msp.c ****   /* SysTick_IRQn interrupt configuration */
  73:Src/stm32l4xx_hal_msp.c ****   HAL_NVIC_SetPriority(SysTick_IRQn, 0, 0);
ARM GAS  C:\Users\81806\AppData\Local\Temp\ccphiHuO.s 			page 4


 100              		.loc 1 73 0
 101 0078 0022     		movs	r2, #0
 102 007a 1146     		mov	r1, r2
 103 007c 4FF0FF30 		mov	r0, #-1
 104 0080 FFF7FEFF 		bl	HAL_NVIC_SetPriority
 105              	.LVL7:
  74:Src/stm32l4xx_hal_msp.c **** 
  75:Src/stm32l4xx_hal_msp.c ****   /* USER CODE BEGIN MspInit 1 */
  76:Src/stm32l4xx_hal_msp.c **** 
  77:Src/stm32l4xx_hal_msp.c ****   /* USER CODE END MspInit 1 */
  78:Src/stm32l4xx_hal_msp.c **** }
 106              		.loc 1 78 0
 107 0084 03B0     		add	sp, sp, #12
 108              	.LCFI2:
 109              		.cfi_def_cfa_offset 4
 110              		@ sp needed
 111 0086 5DF804FB 		ldr	pc, [sp], #4
 112              	.L4:
 113 008a 00BF     		.align	2
 114              	.L3:
 115 008c 00100240 		.word	1073876992
 116              		.cfi_endproc
 117              	.LFE123:
 119              		.section	.text.HAL_I2C_MspInit,"ax",%progbits
 120              		.align	1
 121              		.global	HAL_I2C_MspInit
 122              		.syntax unified
 123              		.thumb
 124              		.thumb_func
 125              		.fpu fpv4-sp-d16
 127              	HAL_I2C_MspInit:
 128              	.LFB124:
  79:Src/stm32l4xx_hal_msp.c **** 
  80:Src/stm32l4xx_hal_msp.c **** void HAL_I2C_MspInit(I2C_HandleTypeDef* hi2c)
  81:Src/stm32l4xx_hal_msp.c **** {
 129              		.loc 1 81 0
 130              		.cfi_startproc
 131              		@ args = 0, pretend = 0, frame = 24
 132              		@ frame_needed = 0, uses_anonymous_args = 0
 133              	.LVL8:
  82:Src/stm32l4xx_hal_msp.c **** 
  83:Src/stm32l4xx_hal_msp.c ****   GPIO_InitTypeDef GPIO_InitStruct;
  84:Src/stm32l4xx_hal_msp.c ****   if(hi2c->Instance==I2C1)
 134              		.loc 1 84 0
 135 0000 0268     		ldr	r2, [r0]
 136 0002 114B     		ldr	r3, .L12
 137 0004 9A42     		cmp	r2, r3
 138 0006 00D0     		beq	.L11
 139 0008 7047     		bx	lr
 140              	.L11:
  81:Src/stm32l4xx_hal_msp.c **** 
 141              		.loc 1 81 0
 142 000a 00B5     		push	{lr}
 143              	.LCFI3:
 144              		.cfi_def_cfa_offset 4
 145              		.cfi_offset 14, -4
 146 000c 87B0     		sub	sp, sp, #28
ARM GAS  C:\Users\81806\AppData\Local\Temp\ccphiHuO.s 			page 5


 147              	.LCFI4:
 148              		.cfi_def_cfa_offset 32
  85:Src/stm32l4xx_hal_msp.c ****   {
  86:Src/stm32l4xx_hal_msp.c ****   /* USER CODE BEGIN I2C1_MspInit 0 */
  87:Src/stm32l4xx_hal_msp.c **** 
  88:Src/stm32l4xx_hal_msp.c ****   /* USER CODE END I2C1_MspInit 0 */
  89:Src/stm32l4xx_hal_msp.c ****   
  90:Src/stm32l4xx_hal_msp.c ****     /**I2C1 GPIO Configuration    
  91:Src/stm32l4xx_hal_msp.c ****     PB6     ------> I2C1_SCL
  92:Src/stm32l4xx_hal_msp.c ****     PB7     ------> I2C1_SDA 
  93:Src/stm32l4xx_hal_msp.c ****     */
  94:Src/stm32l4xx_hal_msp.c ****     GPIO_InitStruct.Pin = GPIO_PIN_6|GPIO_PIN_7;
 149              		.loc 1 94 0
 150 000e C023     		movs	r3, #192
 151 0010 0193     		str	r3, [sp, #4]
  95:Src/stm32l4xx_hal_msp.c ****     GPIO_InitStruct.Mode = GPIO_MODE_AF_OD;
 152              		.loc 1 95 0
 153 0012 1223     		movs	r3, #18
 154 0014 0293     		str	r3, [sp, #8]
  96:Src/stm32l4xx_hal_msp.c ****     GPIO_InitStruct.Pull = GPIO_PULLUP;
 155              		.loc 1 96 0
 156 0016 0123     		movs	r3, #1
 157 0018 0393     		str	r3, [sp, #12]
  97:Src/stm32l4xx_hal_msp.c ****     GPIO_InitStruct.Speed = GPIO_SPEED_FREQ_VERY_HIGH;
 158              		.loc 1 97 0
 159 001a 0323     		movs	r3, #3
 160 001c 0493     		str	r3, [sp, #16]
  98:Src/stm32l4xx_hal_msp.c ****     GPIO_InitStruct.Alternate = GPIO_AF4_I2C1;
 161              		.loc 1 98 0
 162 001e 0423     		movs	r3, #4
 163 0020 0593     		str	r3, [sp, #20]
  99:Src/stm32l4xx_hal_msp.c ****     HAL_GPIO_Init(GPIOB, &GPIO_InitStruct);
 164              		.loc 1 99 0
 165 0022 0DEB0301 		add	r1, sp, r3
 166 0026 0948     		ldr	r0, .L12+4
 167              	.LVL9:
 168 0028 FFF7FEFF 		bl	HAL_GPIO_Init
 169              	.LVL10:
 170              	.LBB4:
 100:Src/stm32l4xx_hal_msp.c **** 
 101:Src/stm32l4xx_hal_msp.c ****     /* Peripheral clock enable */
 102:Src/stm32l4xx_hal_msp.c ****     __HAL_RCC_I2C1_CLK_ENABLE();
 171              		.loc 1 102 0
 172 002c 084B     		ldr	r3, .L12+8
 173 002e 9A6D     		ldr	r2, [r3, #88]
 174 0030 42F40012 		orr	r2, r2, #2097152
 175 0034 9A65     		str	r2, [r3, #88]
 176 0036 9B6D     		ldr	r3, [r3, #88]
 177 0038 03F40013 		and	r3, r3, #2097152
 178 003c 0093     		str	r3, [sp]
 179 003e 009B     		ldr	r3, [sp]
 180              	.LBE4:
 103:Src/stm32l4xx_hal_msp.c ****   /* USER CODE BEGIN I2C1_MspInit 1 */
 104:Src/stm32l4xx_hal_msp.c **** 
 105:Src/stm32l4xx_hal_msp.c ****   /* USER CODE END I2C1_MspInit 1 */
 106:Src/stm32l4xx_hal_msp.c ****   }
 107:Src/stm32l4xx_hal_msp.c **** 
ARM GAS  C:\Users\81806\AppData\Local\Temp\ccphiHuO.s 			page 6


 108:Src/stm32l4xx_hal_msp.c **** }
 181              		.loc 1 108 0
 182 0040 07B0     		add	sp, sp, #28
 183              	.LCFI5:
 184              		.cfi_def_cfa_offset 4
 185              		@ sp needed
 186 0042 5DF804FB 		ldr	pc, [sp], #4
 187              	.L13:
 188 0046 00BF     		.align	2
 189              	.L12:
 190 0048 00540040 		.word	1073763328
 191 004c 00040048 		.word	1207960576
 192 0050 00100240 		.word	1073876992
 193              		.cfi_endproc
 194              	.LFE124:
 196              		.section	.text.HAL_I2C_MspDeInit,"ax",%progbits
 197              		.align	1
 198              		.global	HAL_I2C_MspDeInit
 199              		.syntax unified
 200              		.thumb
 201              		.thumb_func
 202              		.fpu fpv4-sp-d16
 204              	HAL_I2C_MspDeInit:
 205              	.LFB125:
 109:Src/stm32l4xx_hal_msp.c **** 
 110:Src/stm32l4xx_hal_msp.c **** void HAL_I2C_MspDeInit(I2C_HandleTypeDef* hi2c)
 111:Src/stm32l4xx_hal_msp.c **** {
 206              		.loc 1 111 0
 207              		.cfi_startproc
 208              		@ args = 0, pretend = 0, frame = 0
 209              		@ frame_needed = 0, uses_anonymous_args = 0
 210              	.LVL11:
 211 0000 08B5     		push	{r3, lr}
 212              	.LCFI6:
 213              		.cfi_def_cfa_offset 8
 214              		.cfi_offset 3, -8
 215              		.cfi_offset 14, -4
 112:Src/stm32l4xx_hal_msp.c **** 
 113:Src/stm32l4xx_hal_msp.c ****   if(hi2c->Instance==I2C1)
 216              		.loc 1 113 0
 217 0002 0268     		ldr	r2, [r0]
 218 0004 064B     		ldr	r3, .L18
 219 0006 9A42     		cmp	r2, r3
 220 0008 00D0     		beq	.L17
 221              	.LVL12:
 222              	.L14:
 114:Src/stm32l4xx_hal_msp.c ****   {
 115:Src/stm32l4xx_hal_msp.c ****   /* USER CODE BEGIN I2C1_MspDeInit 0 */
 116:Src/stm32l4xx_hal_msp.c **** 
 117:Src/stm32l4xx_hal_msp.c ****   /* USER CODE END I2C1_MspDeInit 0 */
 118:Src/stm32l4xx_hal_msp.c ****     /* Peripheral clock disable */
 119:Src/stm32l4xx_hal_msp.c ****     __HAL_RCC_I2C1_CLK_DISABLE();
 120:Src/stm32l4xx_hal_msp.c ****   
 121:Src/stm32l4xx_hal_msp.c ****     /**I2C1 GPIO Configuration    
 122:Src/stm32l4xx_hal_msp.c ****     PB6     ------> I2C1_SCL
 123:Src/stm32l4xx_hal_msp.c ****     PB7     ------> I2C1_SDA 
 124:Src/stm32l4xx_hal_msp.c ****     */
ARM GAS  C:\Users\81806\AppData\Local\Temp\ccphiHuO.s 			page 7


 125:Src/stm32l4xx_hal_msp.c ****     HAL_GPIO_DeInit(GPIOB, GPIO_PIN_6|GPIO_PIN_7);
 126:Src/stm32l4xx_hal_msp.c **** 
 127:Src/stm32l4xx_hal_msp.c ****   /* USER CODE BEGIN I2C1_MspDeInit 1 */
 128:Src/stm32l4xx_hal_msp.c **** 
 129:Src/stm32l4xx_hal_msp.c ****   /* USER CODE END I2C1_MspDeInit 1 */
 130:Src/stm32l4xx_hal_msp.c ****   }
 131:Src/stm32l4xx_hal_msp.c **** 
 132:Src/stm32l4xx_hal_msp.c **** }
 223              		.loc 1 132 0
 224 000a 08BD     		pop	{r3, pc}
 225              	.LVL13:
 226              	.L17:
 119:Src/stm32l4xx_hal_msp.c ****   
 227              		.loc 1 119 0
 228 000c 054A     		ldr	r2, .L18+4
 229 000e 936D     		ldr	r3, [r2, #88]
 230 0010 23F40013 		bic	r3, r3, #2097152
 231 0014 9365     		str	r3, [r2, #88]
 125:Src/stm32l4xx_hal_msp.c **** 
 232              		.loc 1 125 0
 233 0016 C021     		movs	r1, #192
 234 0018 0348     		ldr	r0, .L18+8
 235              	.LVL14:
 236 001a FFF7FEFF 		bl	HAL_GPIO_DeInit
 237              	.LVL15:
 238              		.loc 1 132 0
 239 001e F4E7     		b	.L14
 240              	.L19:
 241              		.align	2
 242              	.L18:
 243 0020 00540040 		.word	1073763328
 244 0024 00100240 		.word	1073876992
 245 0028 00040048 		.word	1207960576
 246              		.cfi_endproc
 247              	.LFE125:
 249              		.section	.text.HAL_UART_MspInit,"ax",%progbits
 250              		.align	1
 251              		.global	HAL_UART_MspInit
 252              		.syntax unified
 253              		.thumb
 254              		.thumb_func
 255              		.fpu fpv4-sp-d16
 257              	HAL_UART_MspInit:
 258              	.LFB126:
 133:Src/stm32l4xx_hal_msp.c **** 
 134:Src/stm32l4xx_hal_msp.c **** void HAL_UART_MspInit(UART_HandleTypeDef* huart)
 135:Src/stm32l4xx_hal_msp.c **** {
 259              		.loc 1 135 0
 260              		.cfi_startproc
 261              		@ args = 0, pretend = 0, frame = 24
 262              		@ frame_needed = 0, uses_anonymous_args = 0
 263              	.LVL16:
 136:Src/stm32l4xx_hal_msp.c **** 
 137:Src/stm32l4xx_hal_msp.c ****   GPIO_InitTypeDef GPIO_InitStruct;
 138:Src/stm32l4xx_hal_msp.c ****   if(huart->Instance==USART2)
 264              		.loc 1 138 0
 265 0000 0268     		ldr	r2, [r0]
ARM GAS  C:\Users\81806\AppData\Local\Temp\ccphiHuO.s 			page 8


 266 0002 114B     		ldr	r3, .L27
 267 0004 9A42     		cmp	r2, r3
 268 0006 00D0     		beq	.L26
 269 0008 7047     		bx	lr
 270              	.L26:
 135:Src/stm32l4xx_hal_msp.c **** 
 271              		.loc 1 135 0
 272 000a 00B5     		push	{lr}
 273              	.LCFI7:
 274              		.cfi_def_cfa_offset 4
 275              		.cfi_offset 14, -4
 276 000c 87B0     		sub	sp, sp, #28
 277              	.LCFI8:
 278              		.cfi_def_cfa_offset 32
 279              	.LBB5:
 139:Src/stm32l4xx_hal_msp.c ****   {
 140:Src/stm32l4xx_hal_msp.c ****   /* USER CODE BEGIN USART2_MspInit 0 */
 141:Src/stm32l4xx_hal_msp.c **** 
 142:Src/stm32l4xx_hal_msp.c ****   /* USER CODE END USART2_MspInit 0 */
 143:Src/stm32l4xx_hal_msp.c ****     /* Peripheral clock enable */
 144:Src/stm32l4xx_hal_msp.c ****     __HAL_RCC_USART2_CLK_ENABLE();
 280              		.loc 1 144 0
 281 000e 03F5E633 		add	r3, r3, #117760
 282 0012 9A6D     		ldr	r2, [r3, #88]
 283 0014 42F40032 		orr	r2, r2, #131072
 284 0018 9A65     		str	r2, [r3, #88]
 285 001a 9B6D     		ldr	r3, [r3, #88]
 286 001c 03F40033 		and	r3, r3, #131072
 287 0020 0093     		str	r3, [sp]
 288 0022 009B     		ldr	r3, [sp]
 289              	.LBE5:
 145:Src/stm32l4xx_hal_msp.c ****   
 146:Src/stm32l4xx_hal_msp.c ****     /**USART2 GPIO Configuration    
 147:Src/stm32l4xx_hal_msp.c ****     PA2     ------> USART2_TX
 148:Src/stm32l4xx_hal_msp.c ****     PA3     ------> USART2_RX 
 149:Src/stm32l4xx_hal_msp.c ****     */
 150:Src/stm32l4xx_hal_msp.c ****     GPIO_InitStruct.Pin = USART_TX_Pin|USART_RX_Pin;
 290              		.loc 1 150 0
 291 0024 0C23     		movs	r3, #12
 292 0026 0193     		str	r3, [sp, #4]
 151:Src/stm32l4xx_hal_msp.c ****     GPIO_InitStruct.Mode = GPIO_MODE_AF_PP;
 293              		.loc 1 151 0
 294 0028 0223     		movs	r3, #2
 295 002a 0293     		str	r3, [sp, #8]
 152:Src/stm32l4xx_hal_msp.c ****     GPIO_InitStruct.Pull = GPIO_NOPULL;
 296              		.loc 1 152 0
 297 002c 0023     		movs	r3, #0
 298 002e 0393     		str	r3, [sp, #12]
 153:Src/stm32l4xx_hal_msp.c ****     GPIO_InitStruct.Speed = GPIO_SPEED_FREQ_VERY_HIGH;
 299              		.loc 1 153 0
 300 0030 0323     		movs	r3, #3
 301 0032 0493     		str	r3, [sp, #16]
 154:Src/stm32l4xx_hal_msp.c ****     GPIO_InitStruct.Alternate = GPIO_AF7_USART2;
 302              		.loc 1 154 0
 303 0034 0723     		movs	r3, #7
 304 0036 0593     		str	r3, [sp, #20]
 155:Src/stm32l4xx_hal_msp.c ****     HAL_GPIO_Init(GPIOA, &GPIO_InitStruct);
ARM GAS  C:\Users\81806\AppData\Local\Temp\ccphiHuO.s 			page 9


 305              		.loc 1 155 0
 306 0038 01A9     		add	r1, sp, #4
 307 003a 4FF09040 		mov	r0, #1207959552
 308              	.LVL17:
 309 003e FFF7FEFF 		bl	HAL_GPIO_Init
 310              	.LVL18:
 156:Src/stm32l4xx_hal_msp.c **** 
 157:Src/stm32l4xx_hal_msp.c ****   /* USER CODE BEGIN USART2_MspInit 1 */
 158:Src/stm32l4xx_hal_msp.c **** 
 159:Src/stm32l4xx_hal_msp.c ****   /* USER CODE END USART2_MspInit 1 */
 160:Src/stm32l4xx_hal_msp.c ****   }
 161:Src/stm32l4xx_hal_msp.c **** 
 162:Src/stm32l4xx_hal_msp.c **** }
 311              		.loc 1 162 0
 312 0042 07B0     		add	sp, sp, #28
 313              	.LCFI9:
 314              		.cfi_def_cfa_offset 4
 315              		@ sp needed
 316 0044 5DF804FB 		ldr	pc, [sp], #4
 317              	.L28:
 318              		.align	2
 319              	.L27:
 320 0048 00440040 		.word	1073759232
 321              		.cfi_endproc
 322              	.LFE126:
 324              		.section	.text.HAL_UART_MspDeInit,"ax",%progbits
 325              		.align	1
 326              		.global	HAL_UART_MspDeInit
 327              		.syntax unified
 328              		.thumb
 329              		.thumb_func
 330              		.fpu fpv4-sp-d16
 332              	HAL_UART_MspDeInit:
 333              	.LFB127:
 163:Src/stm32l4xx_hal_msp.c **** 
 164:Src/stm32l4xx_hal_msp.c **** void HAL_UART_MspDeInit(UART_HandleTypeDef* huart)
 165:Src/stm32l4xx_hal_msp.c **** {
 334              		.loc 1 165 0
 335              		.cfi_startproc
 336              		@ args = 0, pretend = 0, frame = 0
 337              		@ frame_needed = 0, uses_anonymous_args = 0
 338              	.LVL19:
 339 0000 08B5     		push	{r3, lr}
 340              	.LCFI10:
 341              		.cfi_def_cfa_offset 8
 342              		.cfi_offset 3, -8
 343              		.cfi_offset 14, -4
 166:Src/stm32l4xx_hal_msp.c **** 
 167:Src/stm32l4xx_hal_msp.c ****   if(huart->Instance==USART2)
 344              		.loc 1 167 0
 345 0002 0268     		ldr	r2, [r0]
 346 0004 074B     		ldr	r3, .L33
 347 0006 9A42     		cmp	r2, r3
 348 0008 00D0     		beq	.L32
 349              	.LVL20:
 350              	.L29:
 168:Src/stm32l4xx_hal_msp.c ****   {
ARM GAS  C:\Users\81806\AppData\Local\Temp\ccphiHuO.s 			page 10


 169:Src/stm32l4xx_hal_msp.c ****   /* USER CODE BEGIN USART2_MspDeInit 0 */
 170:Src/stm32l4xx_hal_msp.c **** 
 171:Src/stm32l4xx_hal_msp.c ****   /* USER CODE END USART2_MspDeInit 0 */
 172:Src/stm32l4xx_hal_msp.c ****     /* Peripheral clock disable */
 173:Src/stm32l4xx_hal_msp.c ****     __HAL_RCC_USART2_CLK_DISABLE();
 174:Src/stm32l4xx_hal_msp.c ****   
 175:Src/stm32l4xx_hal_msp.c ****     /**USART2 GPIO Configuration    
 176:Src/stm32l4xx_hal_msp.c ****     PA2     ------> USART2_TX
 177:Src/stm32l4xx_hal_msp.c ****     PA3     ------> USART2_RX 
 178:Src/stm32l4xx_hal_msp.c ****     */
 179:Src/stm32l4xx_hal_msp.c ****     HAL_GPIO_DeInit(GPIOA, USART_TX_Pin|USART_RX_Pin);
 180:Src/stm32l4xx_hal_msp.c **** 
 181:Src/stm32l4xx_hal_msp.c ****   /* USER CODE BEGIN USART2_MspDeInit 1 */
 182:Src/stm32l4xx_hal_msp.c **** 
 183:Src/stm32l4xx_hal_msp.c ****   /* USER CODE END USART2_MspDeInit 1 */
 184:Src/stm32l4xx_hal_msp.c ****   }
 185:Src/stm32l4xx_hal_msp.c **** 
 186:Src/stm32l4xx_hal_msp.c **** }
 351              		.loc 1 186 0
 352 000a 08BD     		pop	{r3, pc}
 353              	.LVL21:
 354              	.L32:
 173:Src/stm32l4xx_hal_msp.c ****   
 355              		.loc 1 173 0
 356 000c 064A     		ldr	r2, .L33+4
 357 000e 936D     		ldr	r3, [r2, #88]
 358 0010 23F40033 		bic	r3, r3, #131072
 359 0014 9365     		str	r3, [r2, #88]
 179:Src/stm32l4xx_hal_msp.c **** 
 360              		.loc 1 179 0
 361 0016 0C21     		movs	r1, #12
 362 0018 4FF09040 		mov	r0, #1207959552
 363              	.LVL22:
 364 001c FFF7FEFF 		bl	HAL_GPIO_DeInit
 365              	.LVL23:
 366              		.loc 1 186 0
 367 0020 F3E7     		b	.L29
 368              	.L34:
 369 0022 00BF     		.align	2
 370              	.L33:
 371 0024 00440040 		.word	1073759232
 372 0028 00100240 		.word	1073876992
 373              		.cfi_endproc
 374              	.LFE127:
 376              		.text
 377              	.Letext0:
 378              		.file 2 "c:\\program files (x86)\\gnu tools arm embedded\\7 2018-q2-update\\arm-none-eabi\\include
 379              		.file 3 "c:\\program files (x86)\\gnu tools arm embedded\\7 2018-q2-update\\arm-none-eabi\\include
 380              		.file 4 "Drivers/CMSIS/Include/core_cm4.h"
 381              		.file 5 "Drivers/CMSIS/Device/ST/STM32L4xx/Include/system_stm32l4xx.h"
 382              		.file 6 "Drivers/CMSIS/Device/ST/STM32L4xx/Include/stm32l476xx.h"
 383              		.file 7 "Drivers/STM32L4xx_HAL_Driver/Inc/stm32l4xx_hal_def.h"
 384              		.file 8 "Drivers/STM32L4xx_HAL_Driver/Inc/stm32l4xx_hal_gpio.h"
 385              		.file 9 "Drivers/STM32L4xx_HAL_Driver/Inc/stm32l4xx_hal_dma.h"
 386              		.file 10 "Drivers/STM32L4xx_HAL_Driver/Inc/stm32l4xx_hal_i2c.h"
 387              		.file 11 "Drivers/STM32L4xx_HAL_Driver/Inc/stm32l4xx_hal_uart.h"
 388              		.file 12 "Drivers/STM32L4xx_HAL_Driver/Inc/stm32l4xx_hal.h"
ARM GAS  C:\Users\81806\AppData\Local\Temp\ccphiHuO.s 			page 11


 389              		.file 13 "Drivers/STM32L4xx_HAL_Driver/Inc/stm32l4xx_hal_cortex.h"
ARM GAS  C:\Users\81806\AppData\Local\Temp\ccphiHuO.s 			page 12


DEFINED SYMBOLS
                            *ABS*:00000000 stm32l4xx_hal_msp.c
C:\Users\81806\AppData\Local\Temp\ccphiHuO.s:18     .text.HAL_MspInit:00000000 $t
C:\Users\81806\AppData\Local\Temp\ccphiHuO.s:25     .text.HAL_MspInit:00000000 HAL_MspInit
C:\Users\81806\AppData\Local\Temp\ccphiHuO.s:115    .text.HAL_MspInit:0000008c $d
C:\Users\81806\AppData\Local\Temp\ccphiHuO.s:120    .text.HAL_I2C_MspInit:00000000 $t
C:\Users\81806\AppData\Local\Temp\ccphiHuO.s:127    .text.HAL_I2C_MspInit:00000000 HAL_I2C_MspInit
C:\Users\81806\AppData\Local\Temp\ccphiHuO.s:190    .text.HAL_I2C_MspInit:00000048 $d
C:\Users\81806\AppData\Local\Temp\ccphiHuO.s:197    .text.HAL_I2C_MspDeInit:00000000 $t
C:\Users\81806\AppData\Local\Temp\ccphiHuO.s:204    .text.HAL_I2C_MspDeInit:00000000 HAL_I2C_MspDeInit
C:\Users\81806\AppData\Local\Temp\ccphiHuO.s:243    .text.HAL_I2C_MspDeInit:00000020 $d
C:\Users\81806\AppData\Local\Temp\ccphiHuO.s:250    .text.HAL_UART_MspInit:00000000 $t
C:\Users\81806\AppData\Local\Temp\ccphiHuO.s:257    .text.HAL_UART_MspInit:00000000 HAL_UART_MspInit
C:\Users\81806\AppData\Local\Temp\ccphiHuO.s:320    .text.HAL_UART_MspInit:00000048 $d
C:\Users\81806\AppData\Local\Temp\ccphiHuO.s:325    .text.HAL_UART_MspDeInit:00000000 $t
C:\Users\81806\AppData\Local\Temp\ccphiHuO.s:332    .text.HAL_UART_MspDeInit:00000000 HAL_UART_MspDeInit
C:\Users\81806\AppData\Local\Temp\ccphiHuO.s:371    .text.HAL_UART_MspDeInit:00000024 $d

UNDEFINED SYMBOLS
HAL_NVIC_SetPriorityGrouping
HAL_NVIC_SetPriority
HAL_GPIO_Init
HAL_GPIO_DeInit
